<?xml version="1.0" encoding="UTF-8"?>
<!-- Generated by org.testng.reporters.JUnitReportReporter -->
<testsuite hostname="DESKTOP-95BEDQV" failures="0" tests="1" name="DataDrivenFramework.ReadCSV" time="0.061" errors="0" timestamp="19 Aug 2024 15:10:54 GMT" skipped="0">
  <testcase classname="DataDrivenFramework.ReadCSV" name="readCSVFile2" time="0.061"/>
</testsuite> <!-- DataDrivenFramework.ReadCSV -->
