<?xml version="1.0" encoding="UTF-8"?>
<!-- Generated by org.testng.reporters.JUnitReportReporter -->
<testsuite hostname="Sakthi" failures="0" tests="1" name="DataDrivenFramework.DataFromWorkbook" time="2.376" errors="0" timestamp="21 May 2024 09:26:22 GMT" skipped="0">
  <testcase classname="DataDrivenFramework.DataFromWorkbook" name="getDataFromWorkBook" time="2.376"/>
</testsuite> <!-- DataDrivenFramework.DataFromWorkbook -->
