<?xml version="1.0" encoding="UTF-8"?>
<!-- Generated by org.testng.reporters.JUnitReportReporter -->
<testsuite hostname="DESKTOP-95BEDQV" failures="0" tests="1" name="DataDrivenFramework.DataFromWorkbookPractice" time="15.180" errors="0" timestamp="2024-08-20T20:54:47 IST" skipped="0">
  <testcase classname="DataDrivenFramework.DataFromWorkbookPractice" name="validateLogin" time="15.180"/>
  <system-out/>
</testsuite> <!-- DataDrivenFramework.DataFromWorkbookPractice -->
