<?xml version="1.0" encoding="UTF-8"?>
<!-- Generated by org.testng.reporters.JUnitReportReporter -->
<testsuite hostname="DESKTOP-95BEDQV" failures="0" tests="4" name="DataDrivenFramework.Execution" time="24.796" errors="0" timestamp="2024-08-21T00:30:41 IST" skipped="0">
  <testcase classname="DataDrivenFramework.Execution" name="validateLogin" time="5.680"/>
  <system-out/>
  <testcase classname="DataDrivenFramework.Execution" name="validateLogin" time="5.205"/>
  <system-out/>
  <testcase classname="DataDrivenFramework.Execution" name="validateLogin" time="8.752"/>
  <system-out/>
  <testcase classname="DataDrivenFramework.Execution" name="validateLogin" time="5.159"/>
  <system-out/>
</testsuite> <!-- DataDrivenFramework.Execution -->
