<?xml version="1.0" encoding="UTF-8"?>
<!-- Generated by org.testng.reporters.JUnitReportReporter -->
<testsuite hostname="DESKTOP-95BEDQV" failures="0" tests="1" name="DataDrivenFramework.ChangeFileName" time="0.128" errors="0" timestamp="2024-09-24T21:33:43 IST" skipped="0">
  <testcase classname="DataDrivenFramework.ChangeFileName" name="modifyExixtingFileName" time="0.128"/>
  <system-out/>
</testsuite> <!-- DataDrivenFramework.ChangeFileName -->
